[debug] > Exec(early(addDefaultCommands), None, None)
[debug] > Exec(addDefaultCommands, None, None)
[debug] > Exec(early(initialize), None, None)
[debug] > Exec(initialize, None, None)
[debug] > Exec(early(addPluginSbtFile="""C:\Users\Lenovo\AppData\Local\Temp\idea1.sbt"""), None, None)
[debug] > Exec(addPluginSbtFile="""C:\Users\Lenovo\AppData\Local\Temp\idea1.sbt""", None, None)
[debug] > Exec(boot, None, None)
[debug] > Exec(writeSbtVersion, None, None)
[debug] > Exec(reload, None, None)
[debug] > Exec(sbtStashOnFailure, None, None)
[debug] > Exec(onFailure loadFailed, None, None)
[debug] > Exec(loadp, None, None)
[info] welcome to sbt 1.7.2 (Oracle Corporation Java 1.8.0_341)
[debug]       Load.loadUnit: plugins took 211.6727ms
[debug]       Load.loadUnit: defsScala took 0.4053ms
[debug] [Loading] Scanning directory C:\Users\Lenovo\.sbt\1.0\plugins
[debug] [Loading] Found non-root projects 
[debug] [Loading] Done in C:\Users\Lenovo\.sbt\1.0\plugins, returning: ()
[debug] deducing auto plugins based on known facts Set(Atom(sbt.plugins.CorePlugin)) and clauses Clauses(Clause(Atom(sbt.plugins.JvmPlugin),Set(Atom(sbt.plugins.IvyPlugin)))
[debug] Clause(Atom(sbt.ScriptedPlugin),Set(Atom(sbt.plugins.JvmPlugin)))
[debug] Clause(Atom(sbt.plugins.SbtPlugin),Set(Atom(sbt.ScriptedPlugin)))
[debug] Clause(Atom(sbt.plugins.SemanticdbPlugin),Set(Atom(sbt.plugins.JvmPlugin)))
[debug] Clause(Atom(sbt.plugins.JUnitXmlReportPlugin),Set(Atom(sbt.plugins.JvmPlugin)))
[debug] Clause(Atom(sbt.plugins.MiniDependencyTreePlugin),Set(Atom(sbt.plugins.JvmPlugin)))
[debug] Clause(Atom(sbt.plugins.CorePlugin),Set(Atom(sbt.plugins.IvyPlugin)))
[debug] Clause(Atom(sbt.plugins.IvyPlugin),Set(Atom(sbt.plugins.JvmPlugin)))
[debug] Clause(Atom(sbt.plugins.JvmPlugin),Set(Atom(sbt.plugins.SemanticdbPlugin)))
[debug] Clause(Atom(sbt.plugins.JvmPlugin),Set(Atom(sbt.plugins.JUnitXmlReportPlugin)))
[debug] Clause(Atom(sbt.plugins.CorePlugin),Set(Atom(sbt.plugins.Giter8TemplatePlugin)))
[debug] Clause(Atom(sbt.plugins.JvmPlugin),Set(Atom(sbt.plugins.MiniDependencyTreePlugin))))
[debug]   :: deduced result: Matched(sbt.plugins.CorePlugin,sbt.plugins.Giter8TemplatePlugin,sbt.plugins.IvyPlugin,sbt.plugins.JvmPlugin,sbt.plugins.MiniDependencyTreePlugin,sbt.plugins.JUnitXmlReportPlugin,sbt.plugins.SemanticdbPlugin)
[debug] Plugins.deducer#function took 25.5114 ms
[debug]           Load.resolveProject(global-plugins) took 70.7877ms
[debug]         Load.loadTransitive: finalizeProject(Project(id global-plugins, base: C:\Users\Lenovo\.sbt\1.0\plugins, plugins: List(<none>))) took 136.6015ms
[debug] [Loading] Done in C:\Users\Lenovo\.sbt\1.0\plugins, returning: (global-plugins)
[debug]       Load.loadUnit: loadedProjectsRaw took 178.4591ms
[debug]       Load.loadUnit: cleanEvalClasses took 0.4042ms
[debug]     Load.loadUnit(file:/C:/Users/Lenovo/.sbt/1.0/plugins/, ...) took 632.8249ms
[debug]   Load.apply: load took 873.938ms
[debug]   Load.apply: resolveProjects took 19.7623ms
[debug]   Load.apply: finalTransforms took 115.6693ms
[debug]   Load.apply: config.delegates took 11.7935ms
[debug]   Load.apply: Def.make(settings)... took 908.0453ms
[debug]   Load.apply: structureIndex took 169.7046ms
[debug]   Load.apply: mkStreams took 2.9341ms
[info] loading global plugins from C:\Users\Lenovo\.sbt\1.0\plugins
[debug] Running task... Cancel: Signal, check cycles: false, forcegc: true
[debug] Load.defaultLoad until apply took 4491.7074ms
[debug]           Load.loadUnit: plugins took 42.3214ms
[debug]           Load.loadUnit: defsScala took 0.0056ms
[debug] [Loading] Scanning directory D:\projects\bigdata-bundle\project
[debug]             Load.loadUnit: mkEval took 15.8337ms
[debug] [Loading] Found non-root projects 
[debug] [Loading] Done in D:\projects\bigdata-bundle\project, returning: ()
[debug] deducing auto plugins based on known facts Set(Atom(sbt.plugins.CorePlugin)) and clauses Clauses(Clause(Atom(sbt.plugins.JvmPlugin),Set(Atom(sbt.plugins.IvyPlugin)))
[debug] Clause(Atom(sbt.ScriptedPlugin),Set(Atom(sbt.plugins.JvmPlugin)))
[debug] Clause(Atom(sbt.plugins.SbtPlugin),Set(Atom(sbt.ScriptedPlugin)))
[debug] Clause(Atom(sbt.plugins.SemanticdbPlugin),Set(Atom(sbt.plugins.JvmPlugin)))
[debug] Clause(Atom(sbt.plugins.JUnitXmlReportPlugin),Set(Atom(sbt.plugins.JvmPlugin)))
[debug] Clause(Atom(sbt.plugins.MiniDependencyTreePlugin),Set(Atom(sbt.plugins.JvmPlugin)))
[debug] Clause(Atom(sbt.plugins.CorePlugin),Set(Atom(sbt.plugins.IvyPlugin)))
[debug] Clause(Atom(sbt.plugins.IvyPlugin),Set(Atom(sbt.plugins.JvmPlugin)))
[debug] Clause(Atom(sbt.plugins.JvmPlugin),Set(Atom(sbt.plugins.SemanticdbPlugin)))
[debug] Clause(Atom(sbt.plugins.JvmPlugin),Set(Atom(sbt.plugins.JUnitXmlReportPlugin)))
[debug] Clause(Atom(sbt.plugins.CorePlugin),Set(Atom(sbt.plugins.Giter8TemplatePlugin)))
[debug] Clause(Atom(sbt.plugins.JvmPlugin),Set(Atom(sbt.plugins.MiniDependencyTreePlugin))))
[debug]   :: deduced result: Matched(sbt.plugins.CorePlugin,sbt.plugins.Giter8TemplatePlugin,sbt.plugins.IvyPlugin,sbt.plugins.JvmPlugin,sbt.plugins.MiniDependencyTreePlugin,sbt.plugins.JUnitXmlReportPlugin,sbt.plugins.SemanticdbPlugin)
[debug] Plugins.deducer#function took 3.8603 ms
[info] loading settings for project bigdata-bundle-build from idea1.sbt ...
[debug]               Load.resolveProject(bigdata-bundle-build) took 4.734ms
[debug]             Load.loadTransitive: finalizeProject(Project(id bigdata-bundle-build, base: D:\projects\bigdata-bundle\project, plugins: List(<none>))) took 9.8072ms
[debug] [Loading] Done in D:\projects\bigdata-bundle\project, returning: (bigdata-bundle-build)
[debug]           Load.loadUnit: loadedProjectsRaw took 4356.0999ms
[debug]           Load.loadUnit: cleanEvalClasses took 17.7539ms
[debug]         Load.loadUnit(file:/D:/projects/bigdata-bundle/project/, ...) took 4417.8303ms
[debug]       Load.apply: load took 4419.4824ms
[debug]       Load.apply: resolveProjects took 0.1747ms
[debug]       Load.apply: finalTransforms took 16.0195ms
[debug]       Load.apply: config.delegates took 0.6118ms
[debug]       Load.apply: Def.make(settings)... took 150.4969ms
[debug]       Load.apply: structureIndex took 74.951ms
[debug]       Load.apply: mkStreams took 0.0045ms
[info] loading project definition from D:\projects\bigdata-bundle\project
[debug] Running task... Cancel: Signal, check cycles: false, forcegc: true
[warn] Unrecognized repository Scala Plugin Bundled Repository, ignoring it
[warn] Unrecognized repository Scala Plugin Bundled Repository, ignoring it
[debug]     Load.loadUnit: plugins took 7921.0286ms
[debug]     Load.loadUnit: defsScala took 0.0047ms
[debug] [Loading] Scanning directory D:\projects\bigdata-bundle
[debug]       Load.loadUnit: mkEval took 0.3954ms
[debug] [Loading] Found root project root w/ remaining 
[debug] deducing auto plugins based on known facts Set(Atom(sbt.plugins.CorePlugin)) and clauses Clauses(Clause(Atom(sbt.plugins.JvmPlugin),Set(Atom(sbt.plugins.IvyPlugin)))
[debug] Clause(Atom(sbt.ScriptedPlugin),Set(Atom(sbt.plugins.JvmPlugin)))
[debug] Clause(Atom(sbt.plugins.SbtPlugin),Set(Atom(sbt.ScriptedPlugin)))
[debug] Clause(Atom(sbt.plugins.SemanticdbPlugin),Set(Atom(sbt.plugins.JvmPlugin)))
[debug] Clause(Atom(sbt.plugins.JUnitXmlReportPlugin),Set(Atom(sbt.plugins.JvmPlugin)))
[debug] Clause(Atom(sbt.plugins.MiniDependencyTreePlugin),Set(Atom(sbt.plugins.JvmPlugin)))
[debug] Clause(Atom(org.jetbrains.sbt.StructurePlugin),Set(Atom(sbt.plugins.JvmPlugin)))
[debug] Clause(Atom(org.jetbrains.sbt.IdeaShellPlugin),Set(Atom(sbt.plugins.JvmPlugin)))
[debug] Clause(Atom(org.jetbrains.sbt.indices.SbtIntellijIndicesPlugin),Set(Atom(sbt.plugins.JvmPlugin)))
[debug] Clause(Atom(sbt.plugins.CorePlugin),Set(Atom(sbt.plugins.IvyPlugin)))
[debug] Clause(Atom(sbt.plugins.IvyPlugin),Set(Atom(sbt.plugins.JvmPlugin)))
[debug] Clause(Atom(sbt.plugins.JvmPlugin),Set(Atom(sbt.plugins.SemanticdbPlugin)))
[debug] Clause(Atom(sbt.plugins.JvmPlugin),Set(Atom(sbt.plugins.JUnitXmlReportPlugin)))
[debug] Clause(Atom(sbt.plugins.CorePlugin),Set(Atom(sbt.plugins.Giter8TemplatePlugin)))
[debug] Clause(Atom(sbt.plugins.JvmPlugin),Set(Atom(sbt.plugins.MiniDependencyTreePlugin)))
[debug] Clause(Atom(sbt.plugins.JvmPlugin),Set(Atom(org.jetbrains.sbt.StructurePlugin)))
[debug] Clause(Atom(sbt.plugins.JvmPlugin),Set(Atom(org.jetbrains.sbt.IdeaShellPlugin)))
[debug] Clause(And(Set(Atom(sbt.plugins.CorePlugin), Atom(sbt.plugins.JvmPlugin))),Set(Atom(org.jetbrains.sbt.indices.SbtIntellijIndicesPlugin))))
[debug]   :: deduced result: Matched(sbt.plugins.CorePlugin,sbt.plugins.Giter8TemplatePlugin,sbt.plugins.IvyPlugin,sbt.plugins.JvmPlugin,sbt.plugins.SemanticdbPlugin,org.jetbrains.sbt.indices.SbtIntellijIndicesPlugin,sbt.plugins.JUnitXmlReportPlugin,org.jetbrains.sbt.IdeaShellPlugin,org.jetbrains.sbt.StructurePlugin,sbt.plugins.MiniDependencyTreePlugin)
[debug] Plugins.deducer#function took 4.0417 ms
[info] loading settings for project root from build.sbt ...
[debug]         Load.resolveProject(root) took 52.9397ms
[debug]       Load.loadTransitive: finalizeProject(Project(id root, base: D:\projects\bigdata-bundle, plugins: List(<none>))) took 60.1237ms
[debug] [Loading] Done in D:\projects\bigdata-bundle, returning: (root)
[debug]     Load.loadUnit: loadedProjectsRaw took 2703.8894ms
[debug]     Load.loadUnit: cleanEvalClasses took 7.3033ms
[debug]   Load.loadUnit(file:/D:/projects/bigdata-bundle/, ...) took 10633.1744ms
[debug] Load.apply: load took 10635.0261ms
[debug] Load.apply: resolveProjects took 0.2131ms
[debug] Load.apply: finalTransforms took 33.3457ms
[debug] Load.apply: config.delegates took 0.5189ms
[debug] Load.apply: Def.make(settings)... took 149.0356ms
[debug] Load.apply: structureIndex took 40.9967ms
[debug] Load.apply: mkStreams took 0.0041ms
[info] set current project to firstCode (in build file:/D:/projects/bigdata-bundle/)
[debug] > Exec(sbtPopOnFailure, None, None)
[debug] > Exec(resumeFromFailure, None, None)
[debug] > Exec(notifyUsersAboutShell, None, None)
[debug] > Exec(iflast shell, None, None)
[debug] > Exec(; set ideaPort in Global := 53686 ; idea-shell, None, None)
[debug] > Exec(set ideaPort in Global := 53686, None, None)
[info] Defining Global / ideaPort
[info] The new value will be used by Compile / compile, Test / compile
[debug] Defining 
[debug] 	Global / ideaPort
[debug] 
[debug] The new value will be used by 
[debug] 	Compile / compile
[debug] 	Test / compile
[info] Reapplying settings...
[info] set current project to firstCode (in build file:/D:/projects/bigdata-bundle/)
[debug] > Exec(idea-shell, None, None)
