[debug] > Exec(early(addDefaultCommands), None, None)
[debug] > Exec(addDefaultCommands, None, None)
[debug] > Exec(early(initialize), None, None)
[debug] > Exec(initialize, None, None)
[debug] > Exec(boot, None, None)
[debug] > Exec(writeSbtVersion, None, None)
[debug] > Exec(reload, None, None)
[debug] > Exec(sbtStashOnFailure, None, None)
[debug] > Exec(onFailure loadFailed, None, None)
[debug] > Exec(loadp, None, None)
[info] welcome to sbt 1.7.2 (Oracle Corporation Java 19)
[debug] Load.defaultLoad until apply took 248.047699ms
[debug]           Load.loadUnit: plugins took 263.7093ms
[debug]           Load.loadUnit: defsScala took 0.5483ms
[debug] [Loading] Scanning directory D:\projects\firstCode\project
[debug] [Loading] Found non-root projects 
[debug] [Loading] Done in D:\projects\firstCode\project, returning: ()
[debug] deducing auto plugins based on known facts Set(Atom(sbt.plugins.CorePlugin)) and clauses Clauses(Clause(Atom(sbt.plugins.JvmPlugin),Set(Atom(sbt.plugins.IvyPlugin)))
[debug] Clause(Atom(sbt.ScriptedPlugin),Set(Atom(sbt.plugins.JvmPlugin)))
[debug] Clause(Atom(sbt.plugins.SbtPlugin),Set(Atom(sbt.ScriptedPlugin)))
[debug] Clause(Atom(sbt.plugins.SemanticdbPlugin),Set(Atom(sbt.plugins.JvmPlugin)))
[debug] Clause(Atom(sbt.plugins.JUnitXmlReportPlugin),Set(Atom(sbt.plugins.JvmPlugin)))
[debug] Clause(Atom(sbt.plugins.MiniDependencyTreePlugin),Set(Atom(sbt.plugins.JvmPlugin)))
[debug] Clause(Atom(sbt.plugins.CorePlugin),Set(Atom(sbt.plugins.IvyPlugin)))
[debug] Clause(Atom(sbt.plugins.IvyPlugin),Set(Atom(sbt.plugins.JvmPlugin)))
[debug] Clause(Atom(sbt.plugins.JvmPlugin),Set(Atom(sbt.plugins.SemanticdbPlugin)))
[debug] Clause(Atom(sbt.plugins.JvmPlugin),Set(Atom(sbt.plugins.JUnitXmlReportPlugin)))
[debug] Clause(Atom(sbt.plugins.CorePlugin),Set(Atom(sbt.plugins.Giter8TemplatePlugin)))
[debug] Clause(Atom(sbt.plugins.JvmPlugin),Set(Atom(sbt.plugins.MiniDependencyTreePlugin))))
[debug]   :: deduced result: Matched(sbt.plugins.CorePlugin,sbt.plugins.Giter8TemplatePlugin,sbt.plugins.IvyPlugin,sbt.plugins.JvmPlugin,sbt.plugins.MiniDependencyTreePlugin,sbt.plugins.JUnitXmlReportPlugin,sbt.plugins.SemanticdbPlugin)
[debug] Plugins.deducer#function took 35.610999 ms
[debug]               Load.resolveProject(firstcode-build) took 63.482ms
[debug]             Load.loadTransitive: finalizeProject(Project(id firstcode-build, base: D:\projects\firstCode\project, plugins: List(<none>))) took 130.988899ms
[debug] [Loading] Done in D:\projects\firstCode\project, returning: (firstcode-build)
[debug]           Load.loadUnit: loadedProjectsRaw took 175.0699ms
[debug]           Load.loadUnit: cleanEvalClasses took 0.5378ms
[debug]         Load.loadUnit(file:/D:/projects/firstCode/project/, ...) took 454.533701ms
[debug]       Load.apply: load took 869.1359ms
[debug]       Load.apply: resolveProjects took 9.339501ms
[debug]       Load.apply: finalTransforms took 108.604199ms
[debug]       Load.apply: config.delegates took 14.011901ms
[debug]       Load.apply: Def.make(settings)... took 1220.497299ms
[debug]       Load.apply: structureIndex took 248.498899ms
[debug]       Load.apply: mkStreams took 2.176901ms
[info] loading project definition from D:\projects\firstCode\project
[debug] Running task... Cancel: Signal, check cycles: false, forcegc: true
[debug]     Load.loadUnit: plugins took 13820.5536ms
[debug]     Load.loadUnit: defsScala took 0.0056ms
[debug] [Loading] Scanning directory D:\projects\firstCode
[debug]       Load.loadUnit: mkEval took 7.1688ms
[debug] [Loading] Found root project root w/ remaining 
[debug] deducing auto plugins based on known facts Set(Atom(sbt.plugins.CorePlugin)) and clauses Clauses(Clause(Atom(sbt.plugins.JvmPlugin),Set(Atom(sbt.plugins.IvyPlugin)))
[debug] Clause(Atom(sbt.ScriptedPlugin),Set(Atom(sbt.plugins.JvmPlugin)))
[debug] Clause(Atom(sbt.plugins.SbtPlugin),Set(Atom(sbt.ScriptedPlugin)))
[debug] Clause(Atom(sbt.plugins.SemanticdbPlugin),Set(Atom(sbt.plugins.JvmPlugin)))
[debug] Clause(Atom(sbt.plugins.JUnitXmlReportPlugin),Set(Atom(sbt.plugins.JvmPlugin)))
[debug] Clause(Atom(sbt.plugins.MiniDependencyTreePlugin),Set(Atom(sbt.plugins.JvmPlugin)))
[debug] Clause(Atom(sbt.plugins.CorePlugin),Set(Atom(sbt.plugins.IvyPlugin)))
[debug] Clause(Atom(sbt.plugins.IvyPlugin),Set(Atom(sbt.plugins.JvmPlugin)))
[debug] Clause(Atom(sbt.plugins.JvmPlugin),Set(Atom(sbt.plugins.SemanticdbPlugin)))
[debug] Clause(Atom(sbt.plugins.JvmPlugin),Set(Atom(sbt.plugins.JUnitXmlReportPlugin)))
[debug] Clause(Atom(sbt.plugins.CorePlugin),Set(Atom(sbt.plugins.Giter8TemplatePlugin)))
[debug] Clause(Atom(sbt.plugins.JvmPlugin),Set(Atom(sbt.plugins.MiniDependencyTreePlugin))))
[debug]   :: deduced result: Matched(sbt.plugins.CorePlugin,sbt.plugins.Giter8TemplatePlugin,sbt.plugins.IvyPlugin,sbt.plugins.JvmPlugin,sbt.plugins.MiniDependencyTreePlugin,sbt.plugins.JUnitXmlReportPlugin,sbt.plugins.SemanticdbPlugin)
[debug] Plugins.deducer#function took 3.072 ms
[info] loading settings for project root from build.sbt ...
[debug]         Load.resolveProject(root) took 3.7087ms
[debug]       Load.loadTransitive: finalizeProject(Project(id root, base: D:\projects\firstCode, plugins: List(<none>))) took 9.261ms
[debug] [Loading] Done in D:\projects\firstCode, returning: (root)
[debug]     Load.loadUnit: loadedProjectsRaw took 5298.8558ms
[debug]     Load.loadUnit: cleanEvalClasses took 10.4469ms
[debug]   Load.loadUnit(file:/D:/projects/firstCode/, ...) took 19132.484ms
[debug] Load.apply: load took 19177.686799ms
[debug] Load.apply: resolveProjects took 0.1506ms
[debug] Load.apply: finalTransforms took 17.049101ms
[debug] Load.apply: config.delegates took 0.394601ms
[debug] Load.apply: Def.make(settings)... took 173.3771ms
[debug] Load.apply: structureIndex took 103.4412ms
[debug] Load.apply: mkStreams took 0.003ms
[info] set current project to firstCode (in build file:/D:/projects/firstCode/)
[debug] > Exec(sbtPopOnFailure, None, None)
[debug] > Exec(resumeFromFailure, None, None)
[debug] > Exec(notifyUsersAboutShell, None, None)
[debug] > Exec(iflast shell, None, None)
[debug] > Exec(shell, None, None)
[info] sbt server started at local:sbt-server-3f8022a61e9976df9928
[debug] Writing bsp connection file
[info] started sbt server
